This is pdfTeX, Version 3.1415926-1.40.10 (TeX Live 2009/Debian) (format=pdflatex 2013.1.7)  21 MAR 2013 18:19
entering extended mode
 file:line:error style messages enabled.
 %&-line parsing enabled.
**mtdf.tex
(./mtdf.tex
LaTeX2e <2009/09/24>
Babel <v3.8l> and hyphenation patterns for english, usenglishmax, dumylang, noh
yphenation, farsi, arabic, croatian, bulgarian, ukrainian, russian, czech, slov
ak, danish, dutch, finnish, french, basque, ngerman, german, german-x-2009-06-1
9, ngerman-x-2009-06-19, ibycus, monogreek, greek, ancientgreek, hungarian, ita
lian, latin, mongolian2a, mongolian, bokmal, nynorsk, romanian, irish, coptic, 
serbian, turkish, welsh, esperanto, uppersorbian, estonian, indonesian, interli
ngua, icelandic, kurmanji, slovenian, polish, portuguese, spanish, galician, ca
talan, swedish, pinyin, loaded.
./mtdf.tex:1: Undefined control sequence.
l.1 \section
            {MTD-f}
? 
./mtdf.tex:1: Emergency stop.
l.1 \section
            {MTD-f}
End of file on the terminal!

 
Here is how much of TeX's memory you used:
 5 strings out of 493893
 121 string characters out of 1154511
 47808 words of memory out of 10000000
 3372 multiletter control sequences out of 15000+50000
 3640 words of font info for 14 fonts, out of 3000000 for 9000
 706 hyphenation exceptions out of 8191
 5i,0n,1p,26b,8s stack positions out of 5000i,500n,10000p,200000b,50000s
./mtdf.tex:1:  ==> Fatal error occurred, no output PDF file produced!
